<?xml version="1.0" encoding="UTF-8"?>
<TestRun id="73cfde8c-12cf-4fdf-82c0-2e16c5a1c01a" name="chw@SKYLINE-PC 2011-02-16 15:31:32" runUser="Skyline-PC\chw" xmlns="http://microsoft.com/schemas/VisualStudio/TeamTest/2010">
  <TestSettings name="Local" id="c8e5e8ef-4570-4b52-b8c9-76b728d8151e">
    <Description>These are default test settings for a local test run.</Description>
    <Deployment enabled="false" runDeploymentRoot="chw_SKYLINE-PC 2011-02-16 15_31_32">
      <DeploymentItem filename="C:\FromCVS\MBDataSync\DataSyncEngine\ClassLibrary1\bin\Debug\EntityFramework.dll" />
      <DeploymentItem filename="C:\FromCVS\MBDataSync\DataSyncEngine\ClassLibrary1\bin\Debug\ClassLibrary1.dll" />
    </Deployment>
    <Execution>
      <TestTypeSpecific />
      <AgentRule name="Execution Agents">
      </AgentRule>
    </Execution>
  </TestSettings>
  <Times creation="2011-02-16T15:31:32.9247696+08:00" queuing="2011-02-16T15:31:52.9836128+08:00" start="2011-02-16T15:31:53.9149520+08:00" finish="2011-02-16T15:32:46.6285712+08:00" />
  <ResultSummary outcome="Completed">
    <Counters total="1" executed="1" passed="1" error="0" failed="0" timeout="0" aborted="0" inconclusive="0" passedButRunAborted="0" notRunnable="0" notExecuted="0" disconnected="0" warning="0" completed="0" inProgress="0" pending="0" />
  </ResultSummary>
  <TestDefinitions>
    <UnitTest name="TestMethod1" storage="c:\fromcvs\mbdatasync\datasyncengine\testproject1\bin\debug\testproject1.dll" id="59863143-3238-122e-4d8a-637b491cc755">
      <Execution id="c6b48ae4-d16d-4ec8-bbe9-95be6cb2dee4" />
      <TestMethod codeBase="C:/FromCVS/MBDataSync/DataSyncEngine/TestProject1/bin/Debug/TestProject1.DLL" adapterTypeName="Microsoft.VisualStudio.TestTools.TestTypes.Unit.UnitTestAdapter, Microsoft.VisualStudio.QualityTools.Tips.UnitTest.Adapter, Version=10.0.0.0, Culture=neutral, PublicKeyToken=b03f5f7f11d50a3a" className="TestProject1.UnitTest1, TestProject1, Version=1.0.0.0, Culture=neutral, PublicKeyToken=null" name="TestMethod1" />
    </UnitTest>
  </TestDefinitions>
  <TestLists>
    <TestList name="Results Not in a List" id="8c84fa94-04c1-424b-9868-57a2d4851a1d" />
    <TestList name="All Loaded Results" id="19431567-8539-422a-85d7-44ee4e166bda" />
  </TestLists>
  <TestEntries>
    <TestEntry testId="59863143-3238-122e-4d8a-637b491cc755" executionId="c6b48ae4-d16d-4ec8-bbe9-95be6cb2dee4" testListId="8c84fa94-04c1-424b-9868-57a2d4851a1d" />
  </TestEntries>
  <Results>
    <UnitTestResult executionId="c6b48ae4-d16d-4ec8-bbe9-95be6cb2dee4" testId="59863143-3238-122e-4d8a-637b491cc755" testName="TestMethod1" computerName="SKYLINE-PC" duration="00:00:48.4131871" startTime="2011-02-16T15:31:54.4557296+08:00" endTime="2011-02-16T15:32:45.3767712+08:00" testType="13cdc9d9-ddb5-4fa4-a97d-d965ccfc6d4b" outcome="Passed" testListId="8c84fa94-04c1-424b-9868-57a2d4851a1d" relativeResultsDirectory="c6b48ae4-d16d-4ec8-bbe9-95be6cb2dee4">
      <Output>
        <DebugTrace>fsdf      
</DebugTrace>
      </Output>
    </UnitTestResult>
  </Results>
</TestRun>