<?xml version="1.0" encoding="UTF-8"?>
<TestRun id="ea9cbd16-47c2-455c-ac07-79751946b7c6" name="chw@SKYLINE-PC 2011-02-16 20:40:54" runUser="Skyline-PC\chw" xmlns="http://microsoft.com/schemas/VisualStudio/TeamTest/2010">
  <TestSettings name="Local" id="c8e5e8ef-4570-4b52-b8c9-76b728d8151e">
    <Description>These are default test settings for a local test run.</Description>
    <Deployment enabled="false" runDeploymentRoot="chw_SKYLINE-PC 2011-02-16 20_40_54">
      <DeploymentItem filename="C:\FromCVS\MBDataSync\DataSyncEngine\ClassLibrary1\bin\Debug\EntityFramework.dll" />
      <DeploymentItem filename="C:\FromCVS\MBDataSync\DataSyncEngine\ClassLibrary1\bin\Debug\ClassLibrary1.dll" />
    </Deployment>
    <Execution>
      <TestTypeSpecific />
      <AgentRule name="Execution Agents">
      </AgentRule>
    </Execution>
  </TestSettings>
  <Times creation="2011-02-16T20:40:54.2516400+08:00" queuing="2011-02-16T20:41:15.1622880+08:00" start="2011-02-16T20:41:16.3226032+08:00" finish="2011-02-16T20:42:03.7776064+08:00" />
  <ResultSummary outcome="Error">
    <Counters total="1" executed="1" error="0" failed="0" timeout="0" aborted="1" inconclusive="0" passedButRunAborted="0" notRunnable="0" notExecuted="0" disconnected="0" warning="0" passed="0" completed="0" inProgress="0" pending="0" />
    <RunInfos>
      <RunInfo computerName="SKYLINE-PC" outcome="Error" timestamp="2011-02-16T20:42:03.7194208+08:00">
        <Text>Test host process exited unexpectedly.</Text>
      </RunInfo>
    </RunInfos>
  </ResultSummary>
  <TestDefinitions>
    <UnitTest name="Insert" storage="c:\fromcvs\mbdatasync\datasyncengine\testproject1\bin\debug\testproject1.dll" id="6074b72d-4ee3-7e89-47b3-cdbf857c9cb6">
      <Execution id="4af4ef72-3d1c-4442-a807-7655590d8f2f" />
      <TestMethod codeBase="C:/FromCVS/MBDataSync/DataSyncEngine/TestProject1/bin/Debug/TestProject1.DLL" adapterTypeName="Microsoft.VisualStudio.TestTools.TestTypes.Unit.UnitTestAdapter, Microsoft.VisualStudio.QualityTools.Tips.UnitTest.Adapter, Version=10.0.0.0, Culture=neutral, PublicKeyToken=b03f5f7f11d50a3a" className="TestProject1.UnitTest1, TestProject1, Version=1.0.0.0, Culture=neutral, PublicKeyToken=null" name="Insert" />
    </UnitTest>
  </TestDefinitions>
  <TestLists>
    <TestList name="Results Not in a List" id="8c84fa94-04c1-424b-9868-57a2d4851a1d" />
    <TestList name="All Loaded Results" id="19431567-8539-422a-85d7-44ee4e166bda" />
  </TestLists>
  <TestEntries>
    <TestEntry testId="6074b72d-4ee3-7e89-47b3-cdbf857c9cb6" executionId="4af4ef72-3d1c-4442-a807-7655590d8f2f" testListId="8c84fa94-04c1-424b-9868-57a2d4851a1d" />
  </TestEntries>
  <Results>
    <UnitTestResult executionId="4af4ef72-3d1c-4442-a807-7655590d8f2f" testId="6074b72d-4ee3-7e89-47b3-cdbf857c9cb6" testName="Insert" computerName="SKYLINE-PC" duration="00:00:46.7567760" startTime="2011-02-16T20:41:17.0208304+08:00" endTime="2011-02-16T20:42:03.7776064+08:00" testType="13cdc9d9-ddb5-4fa4-a97d-d965ccfc6d4b" outcome="Aborted" testListId="8c84fa94-04c1-424b-9868-57a2d4851a1d" relativeResultsDirectory="4af4ef72-3d1c-4442-a807-7655590d8f2f">
    </UnitTestResult>
  </Results>
</TestRun>