<?xml version="1.0" encoding="UTF-8"?>
<TestRun id="97b9f4d3-2e07-4420-9f0a-fd628052207c" name="chw@SKYLINE-PC 2011-02-16 15:32:51" runUser="Skyline-PC\chw" xmlns="http://microsoft.com/schemas/VisualStudio/TeamTest/2010">
  <TestSettings name="Local" id="c8e5e8ef-4570-4b52-b8c9-76b728d8151e">
    <Description>These are default test settings for a local test run.</Description>
    <Deployment enabled="false" runDeploymentRoot="chw_SKYLINE-PC 2011-02-16 15_32_51">
      <DeploymentItem filename="C:\FromCVS\MBDataSync\DataSyncEngine\ClassLibrary1\bin\Debug\EntityFramework.dll" />
      <DeploymentItem filename="C:\FromCVS\MBDataSync\DataSyncEngine\ClassLibrary1\bin\Debug\ClassLibrary1.dll" />
    </Deployment>
    <Execution>
      <TestTypeSpecific />
      <AgentRule name="Execution Agents">
      </AgentRule>
    </Execution>
  </TestSettings>
  <Times creation="2011-02-16T15:32:51.7559440+08:00" queuing="2011-02-16T15:32:56.4426832+08:00" start="2011-02-16T15:32:57.1136480+08:00" finish="2011-02-16T15:33:23.0409296+08:00" />
  <ResultSummary outcome="Error">
    <Counters total="1" executed="1" error="0" failed="0" timeout="0" aborted="1" inconclusive="0" passedButRunAborted="0" notRunnable="0" notExecuted="0" disconnected="0" warning="0" passed="0" completed="0" inProgress="0" pending="0" />
    <RunInfos>
      <RunInfo computerName="SKYLINE-PC" outcome="Error" timestamp="2011-02-16T15:33:22.9608144+08:00">
        <Text>Test host process exited unexpectedly.</Text>
      </RunInfo>
    </RunInfos>
  </ResultSummary>
  <TestDefinitions>
    <UnitTest name="TestMethod1" storage="c:\fromcvs\mbdatasync\datasyncengine\testproject1\bin\debug\testproject1.dll" id="59863143-3238-122e-4d8a-637b491cc755">
      <Execution id="76b9a0af-58da-4f81-bc34-acb0148c31f8" />
      <TestMethod codeBase="C:/FromCVS/MBDataSync/DataSyncEngine/TestProject1/bin/Debug/TestProject1.DLL" adapterTypeName="Microsoft.VisualStudio.TestTools.TestTypes.Unit.UnitTestAdapter, Microsoft.VisualStudio.QualityTools.Tips.UnitTest.Adapter, Version=10.0.0.0, Culture=neutral, PublicKeyToken=b03f5f7f11d50a3a" className="TestProject1.UnitTest1, TestProject1, Version=1.0.0.0, Culture=neutral, PublicKeyToken=null" name="TestMethod1" />
    </UnitTest>
  </TestDefinitions>
  <TestLists>
    <TestList name="Results Not in a List" id="8c84fa94-04c1-424b-9868-57a2d4851a1d" />
    <TestList name="All Loaded Results" id="19431567-8539-422a-85d7-44ee4e166bda" />
  </TestLists>
  <TestEntries>
    <TestEntry testId="59863143-3238-122e-4d8a-637b491cc755" executionId="76b9a0af-58da-4f81-bc34-acb0148c31f8" testListId="8c84fa94-04c1-424b-9868-57a2d4851a1d" />
  </TestEntries>
  <Results>
    <UnitTestResult executionId="76b9a0af-58da-4f81-bc34-acb0148c31f8" testId="59863143-3238-122e-4d8a-637b491cc755" testName="TestMethod1" computerName="SKYLINE-PC" duration="00:00:25.5567488" startTime="2011-02-16T15:32:57.4841808+08:00" endTime="2011-02-16T15:33:23.0409296+08:00" testType="13cdc9d9-ddb5-4fa4-a97d-d965ccfc6d4b" outcome="Aborted" testListId="8c84fa94-04c1-424b-9868-57a2d4851a1d" relativeResultsDirectory="76b9a0af-58da-4f81-bc34-acb0148c31f8">
    </UnitTestResult>
  </Results>
</TestRun>